c:\users\tyler\onedrive\direct x\final project - 3d\gawkyadventures19\gawkyadventures\debug\vc120.pdb
c:\users\tyler\onedrive\direct x\final project - 3d\gawkyadventures19\gawkyadventures\debug\vc120.idb
c:\users\tyler\onedrive\direct x\final project - 3d\gawkyadventures19\gawkyadventures\debug\gametimer.obj
c:\users\tyler\onedrive\direct x\final project - 3d\gawkyadventures19\gawkyadventures\debug\geometrygenerator.obj
c:\users\tyler\onedrive\direct x\final project - 3d\gawkyadventures19\gawkyadventures\debug\lighthelper.obj
c:\users\tyler\onedrive\direct x\final project - 3d\gawkyadventures19\gawkyadventures\debug\mathhelper.obj
c:\users\tyler\onedrive\direct x\final project - 3d\gawkyadventures19\gawkyadventures\debug\texturemgr.obj
c:\users\tyler\onedrive\direct x\final project - 3d\gawkyadventures19\gawkyadventures\debug\waves.obj
c:\users\tyler\onedrive\direct x\final project - 3d\gawkyadventures19\gawkyadventures\debug\xnacollision.obj
c:\users\tyler\onedrive\direct x\final project - 3d\gawkyadventures19\gawkyadventures\debug\basicmodel.obj
c:\users\tyler\onedrive\direct x\final project - 3d\gawkyadventures19\gawkyadventures\debug\camera.obj
c:\users\tyler\onedrive\direct x\final project - 3d\gawkyadventures19\gawkyadventures\debug\effects.obj
c:\users\tyler\onedrive\direct x\final project - 3d\gawkyadventures19\gawkyadventures\debug\enemies.obj
c:\users\tyler\onedrive\direct x\final project - 3d\gawkyadventures19\gawkyadventures\debug\enemy.obj
c:\users\tyler\onedrive\direct x\final project - 3d\gawkyadventures19\gawkyadventures\debug\loadm3d.obj
c:\users\tyler\onedrive\direct x\final project - 3d\gawkyadventures19\gawkyadventures\debug\loadobj.obj
c:\users\tyler\onedrive\direct x\final project - 3d\gawkyadventures19\gawkyadventures\debug\meshgeometry.obj
c:\users\tyler\onedrive\direct x\final project - 3d\gawkyadventures19\gawkyadventures\debug\player.obj
c:\users\tyler\onedrive\direct x\final project - 3d\gawkyadventures19\gawkyadventures\debug\renderstates.obj
c:\users\tyler\onedrive\direct x\final project - 3d\gawkyadventures19\gawkyadventures\debug\sky.obj
c:\users\tyler\onedrive\direct x\final project - 3d\gawkyadventures19\gawkyadventures\debug\vertex.obj
c:\users\tyler\onedrive\direct x\final project - 3d\gawkyadventures19\gawkyadventures\debug\d3dapp.obj
c:\users\tyler\onedrive\direct x\final project - 3d\gawkyadventures19\gawkyadventures\debug\d3dutil.obj
c:\users\tyler\onedrive\direct x\final project - 3d\gawkyadventures19\gawkyadventures\debug\gawkyadventures.obj
c:\users\tyler\onedrive\direct x\final project - 3d\gawkyadventures20\gawkyadventures\debug\vc120.pdb
c:\users\tyler\onedrive\direct x\final project - 3d\gawkyadventures20\gawkyadventures\debug\vc120.idb
c:\users\tyler\onedrive\direct x\final project - 3d\gawkyadventures20\gawkyadventures\debug\gametimer.obj
c:\users\tyler\onedrive\direct x\final project - 3d\gawkyadventures20\gawkyadventures\debug\geometrygenerator.obj
c:\users\tyler\onedrive\direct x\final project - 3d\gawkyadventures20\gawkyadventures\debug\lighthelper.obj
c:\users\tyler\onedrive\direct x\final project - 3d\gawkyadventures20\gawkyadventures\debug\mathhelper.obj
c:\users\tyler\onedrive\direct x\final project - 3d\gawkyadventures20\gawkyadventures\debug\texturemgr.obj
c:\users\tyler\onedrive\direct x\final project - 3d\gawkyadventures20\gawkyadventures\debug\waves.obj
c:\users\tyler\onedrive\direct x\final project - 3d\gawkyadventures20\gawkyadventures\debug\xnacollision.obj
c:\users\tyler\onedrive\direct x\final project - 3d\gawkyadventures20\gawkyadventures\debug\basicmodel.obj
c:\users\tyler\onedrive\direct x\final project - 3d\gawkyadventures20\gawkyadventures\debug\camera.obj
c:\users\tyler\onedrive\direct x\final project - 3d\gawkyadventures20\gawkyadventures\debug\effects.obj
c:\users\tyler\onedrive\direct x\final project - 3d\gawkyadventures20\gawkyadventures\debug\enemies.obj
c:\users\tyler\onedrive\direct x\final project - 3d\gawkyadventures20\gawkyadventures\debug\enemy.obj
c:\users\tyler\onedrive\direct x\final project - 3d\gawkyadventures20\gawkyadventures\debug\gawkyadventures.obj
c:\users\tyler\onedrive\direct x\final project - 3d\gawkyadventures20\gawkyadventures\debug\loadm3d.obj
c:\users\tyler\onedrive\direct x\final project - 3d\gawkyadventures20\gawkyadventures\debug\loadobj.obj
c:\users\tyler\onedrive\direct x\final project - 3d\gawkyadventures20\gawkyadventures\debug\meshgeometry.obj
c:\users\tyler\onedrive\direct x\final project - 3d\gawkyadventures20\gawkyadventures\debug\player.obj
c:\users\tyler\onedrive\direct x\final project - 3d\gawkyadventures20\gawkyadventures\debug\renderstates.obj
c:\users\tyler\onedrive\direct x\final project - 3d\gawkyadventures20\gawkyadventures\debug\sky.obj
c:\users\tyler\onedrive\direct x\final project - 3d\gawkyadventures20\gawkyadventures\debug\vertex.obj
c:\users\tyler\onedrive\direct x\final project - 3d\gawkyadventures20\gawkyadventures\debug\d3dapp.obj
c:\users\tyler\onedrive\direct x\final project - 3d\gawkyadventures20\gawkyadventures\debug\d3dutil.obj
c:\users\tyler\onedrive\direct x\final project - 3d\gawkyadventures19\debug\basic.cso
c:\users\tyler\onedrive\direct x\final project - 3d\gawkyadventures19\debug\lighthelper.cso
c:\users\tyler\onedrive\direct x\final project - 3d\gawkyadventures19\debug\normalmap.cso
c:\users\tyler\onedrive\direct x\final project - 3d\gawkyadventures19\debug\sky.cso
c:\users\tyler\onedrive\direct x\final project - 3d\gawkyadventures20\debug\basic.cso
c:\users\tyler\onedrive\direct x\final project - 3d\gawkyadventures20\debug\lighthelper.cso
c:\users\tyler\onedrive\direct x\final project - 3d\gawkyadventures20\debug\normalmap.cso
c:\users\tyler\onedrive\direct x\final project - 3d\gawkyadventures20\debug\sky.cso
c:\users\tyler\onedrive\direct x\final project - 3d\gawkyadventures19\debug\gawkyadventures.ilk
c:\users\tyler\onedrive\direct x\final project - 3d\gawkyadventures19\debug\gawkyadventures.exe
c:\users\tyler\onedrive\direct x\final project - 3d\gawkyadventures19\debug\gawkyadventures.pdb
c:\users\tyler\onedrive\direct x\final project - 3d\gawkyadventures20\debug\gawkyadventures.ilk
c:\users\tyler\onedrive\direct x\final project - 3d\gawkyadventures20\debug\gawkyadventures.exe
c:\users\tyler\onedrive\direct x\final project - 3d\gawkyadventures20\debug\gawkyadventures.pdb
c:\users\tyler\onedrive\direct x\final project - 3d\gawkyadventures20\gawkyadventures\debug\gawkyadventures.tlog\cl.command.1.tlog
c:\users\tyler\onedrive\direct x\final project - 3d\gawkyadventures20\gawkyadventures\debug\gawkyadventures.tlog\cl.read.1.tlog
c:\users\tyler\onedrive\direct x\final project - 3d\gawkyadventures20\gawkyadventures\debug\gawkyadventures.tlog\cl.write.1.tlog
c:\users\tyler\onedrive\direct x\final project - 3d\gawkyadventures20\gawkyadventures\debug\gawkyadventures.tlog\fxc.command.1.tlog
c:\users\tyler\onedrive\direct x\final project - 3d\gawkyadventures20\gawkyadventures\debug\gawkyadventures.tlog\fxc.read.1.tlog
c:\users\tyler\onedrive\direct x\final project - 3d\gawkyadventures20\gawkyadventures\debug\gawkyadventures.tlog\fxc.write.1.tlog
c:\users\tyler\onedrive\direct x\final project - 3d\gawkyadventures20\gawkyadventures\debug\gawkyadventures.tlog\gawkyadventures.write.1u.tlog
c:\users\tyler\onedrive\direct x\final project - 3d\gawkyadventures20\gawkyadventures\debug\gawkyadventures.tlog\link.command.1.tlog
c:\users\tyler\onedrive\direct x\final project - 3d\gawkyadventures20\gawkyadventures\debug\gawkyadventures.tlog\link.read.1.tlog
c:\users\tyler\onedrive\direct x\final project - 3d\gawkyadventures20\gawkyadventures\debug\gawkyadventures.tlog\link.write.1.tlog
