Build started 2015-09-15 3:31:28 PM.
     1>Project "C:\Users\Steve\Desktop\GawkyAdventures27 - take this one\GawkyAdventures\GawkyAdventures.vcxproj" on node 2 (Build target(s)).
     1>FxCompile:
         C:\Program Files (x86)\Microsoft DirectX SDK (June 2010)\Utilities\bin\x86\fxc.exe /nologo /E"main" /T fx_5_0 /Fo "C:\Users\Steve\Desktop\GawkyAdventures27 - take this one\Debug\Basic.cso" /Od /Zi FX\Basic.fx 
         compilation succeeded; see C:\Users\Steve\Desktop\GawkyAdventures27 - take this one\Debug\Basic.cso
         C:\Program Files (x86)\Microsoft DirectX SDK (June 2010)\Utilities\bin\x86\fxc.exe /nologo /E"main" /T fx_5_0 /Fo "C:\Users\Steve\Desktop\GawkyAdventures27 - take this one\Debug\LightHelper.cso" /Od /Zi FX\LightHelper.fx 
         compilation succeeded; see C:\Users\Steve\Desktop\GawkyAdventures27 - take this one\Debug\LightHelper.cso
         C:\Program Files (x86)\Microsoft DirectX SDK (June 2010)\Utilities\bin\x86\fxc.exe /nologo /E"main" /T fx_5_0 /Fo "C:\Users\Steve\Desktop\GawkyAdventures27 - take this one\Debug\NormalMap.cso" /Od /Zi FX\NormalMap.fx 
         compilation succeeded; see C:\Users\Steve\Desktop\GawkyAdventures27 - take this one\Debug\NormalMap.cso
         C:\Program Files (x86)\Microsoft DirectX SDK (June 2010)\Utilities\bin\x86\fxc.exe /nologo /E"main" /T fx_5_0 /Fo "C:\Users\Steve\Desktop\GawkyAdventures27 - take this one\Debug\Sky.cso" /Od /Zi FX\Sky.fx 
         compilation succeeded; see C:\Users\Steve\Desktop\GawkyAdventures27 - take this one\Debug\Sky.cso
       ClCompile:
         C:\Program Files (x86)\Microsoft Visual Studio 12.0\VC\bin\CL.exe /c /ZI /nologo /W3 /WX- /sdl /Od /Oy- /D WIN32 /D _DEBUG /D _WINDOWS /D _UNICODE /D UNICODE /Gm /EHsc /RTC1 /MDd /GS /fp:precise /Zc:wchar_t /Zc:forScope /Fo"Debug\\" /Fd"Debug\vc120.pdb" /Gd /TP /analyze- /errorReport:prompt BasicModel.cpp Camera.cpp Common\d3dApp.cpp Common\d3dUtil.cpp Common\GameTimer.cpp Common\GeometryGenerator.cpp Common\LightHelper.cpp Common\MathHelper.cpp Common\TextureMgr.cpp Common\Waves.cpp Common\xnacollision.cpp Effects.cpp Enemies.cpp Enemy.cpp GawkyAdventures.cpp LevelBuilder.cpp LevelParts.cpp LoadM3d.cpp LoadOBJ.cpp MeshGeometry.cpp Object.cpp Player.cpp RenderStates.cpp Sky.cpp TheObjects.cpp Vertex.cpp
         Vertex.cpp
     1>c:\users\steve\desktop\gawkyadventures27 - take this one\gawkyadventures\vertex.h(10): fatal error C1083: Cannot open include file: 'd3dUtil.h': No such file or directory
         TheObjects.cpp
     1>c:\users\steve\desktop\gawkyadventures27 - take this one\gawkyadventures\meshgeometry.h(4): fatal error C1083: Cannot open include file: 'd3dUtil.h': No such file or directory
         Sky.cpp
     1>c:\users\steve\desktop\gawkyadventures27 - take this one\gawkyadventures\sky.h(10): fatal error C1083: Cannot open include file: 'd3dUtil.h': No such file or directory
         RenderStates.cpp
     1>c:\users\steve\desktop\gawkyadventures27 - take this one\gawkyadventures\renderstates.h(10): fatal error C1083: Cannot open include file: 'd3dUtil.h': No such file or directory
         Player.cpp
     1>c:\users\steve\desktop\gawkyadventures27 - take this one\gawkyadventures\player.h(4): fatal error C1083: Cannot open include file: 'd3dUtil.h': No such file or directory
         Object.cpp
     1>c:\users\steve\desktop\gawkyadventures27 - take this one\gawkyadventures\object.h(5): fatal error C1083: Cannot open include file: 'd3dApp.h': No such file or directory
         MeshGeometry.cpp
     1>c:\users\steve\desktop\gawkyadventures27 - take this one\gawkyadventures\meshgeometry.h(4): fatal error C1083: Cannot open include file: 'd3dUtil.h': No such file or directory
         LoadOBJ.cpp
     1>c:\users\steve\desktop\gawkyadventures27 - take this one\gawkyadventures\meshgeometry.h(4): fatal error C1083: Cannot open include file: 'd3dUtil.h': No such file or directory
         LoadM3d.cpp
     1>c:\users\steve\desktop\gawkyadventures27 - take this one\gawkyadventures\meshgeometry.h(4): fatal error C1083: Cannot open include file: 'd3dUtil.h': No such file or directory
         LevelParts.cpp
     1>c:\users\steve\desktop\gawkyadventures27 - take this one\gawkyadventures\levelparts.h(5): fatal error C1083: Cannot open include file: 'd3dApp.h': No such file or directory
         LevelBuilder.cpp
     1>c:\users\steve\desktop\gawkyadventures27 - take this one\gawkyadventures\meshgeometry.h(4): fatal error C1083: Cannot open include file: 'd3dUtil.h': No such file or directory
         GawkyAdventures.cpp
     1>c:\users\steve\desktop\gawkyadventures27 - take this one\gawkyadventures\gawkyadventures.cpp(3): fatal error C1083: Cannot open include file: 'd3dApp.h': No such file or directory
         Enemy.cpp
     1>c:\users\steve\desktop\gawkyadventures27 - take this one\gawkyadventures\enemy.h(5): fatal error C1083: Cannot open include file: 'd3dApp.h': No such file or directory
         Enemies.cpp
     1>c:\users\steve\desktop\gawkyadventures27 - take this one\gawkyadventures\meshgeometry.h(4): fatal error C1083: Cannot open include file: 'd3dUtil.h': No such file or directory
         Effects.cpp
     1>c:\users\steve\desktop\gawkyadventures27 - take this one\gawkyadventures\effects.h(11): fatal error C1083: Cannot open include file: 'd3dUtil.h': No such file or directory
         xnacollision.cpp
     1>c:\users\steve\desktop\gawkyadventures27 - take this one\gawkyadventures\common\xnacollision.h(15): fatal error C1083: Cannot open include file: 'xnamath.h': No such file or directory
         Waves.cpp
     1>c:\users\steve\desktop\gawkyadventures27 - take this one\gawkyadventures\common\waves.h(13): fatal error C1083: Cannot open include file: 'xnamath.h': No such file or directory
         TextureMgr.cpp
     1>c:\users\steve\desktop\gawkyadventures27 - take this one\gawkyadventures\common\d3dutil.h(13): fatal error C1083: Cannot open include file: 'd3dx11.h': No such file or directory
         MathHelper.cpp
     1>c:\users\steve\desktop\gawkyadventures27 - take this one\gawkyadventures\common\mathhelper.h(11): fatal error C1083: Cannot open include file: 'xnamath.h': No such file or directory
         LightHelper.cpp
     1>c:\users\steve\desktop\gawkyadventures27 - take this one\gawkyadventures\common\lighthelper.h(11): fatal error C1083: Cannot open include file: 'xnamath.h': No such file or directory
         Generating Code...
         Compiling...
         GeometryGenerator.cpp
     1>c:\users\steve\desktop\gawkyadventures27 - take this one\gawkyadventures\common\d3dutil.h(13): fatal error C1083: Cannot open include file: 'd3dx11.h': No such file or directory
         GameTimer.cpp
         d3dUtil.cpp
     1>c:\users\steve\desktop\gawkyadventures27 - take this one\gawkyadventures\common\d3dutil.h(13): fatal error C1083: Cannot open include file: 'd3dx11.h': No such file or directory
         d3dApp.cpp
     1>c:\users\steve\desktop\gawkyadventures27 - take this one\gawkyadventures\common\d3dutil.h(13): fatal error C1083: Cannot open include file: 'd3dx11.h': No such file or directory
         Camera.cpp
     1>c:\users\steve\desktop\gawkyadventures27 - take this one\gawkyadventures\camera.h(14): fatal error C1083: Cannot open include file: 'd3dUtil.h': No such file or directory
         BasicModel.cpp
     1>c:\users\steve\desktop\gawkyadventures27 - take this one\gawkyadventures\meshgeometry.h(4): fatal error C1083: Cannot open include file: 'd3dUtil.h': No such file or directory
         Generating Code...
     1>Done Building Project "C:\Users\Steve\Desktop\GawkyAdventures27 - take this one\GawkyAdventures\GawkyAdventures.vcxproj" (Build target(s)) -- FAILED.

Build FAILED.

Time Elapsed 00:00:09.13
